<?xml version="1.0" encoding="UTF-8"?>
<testng-results ignored="0" total="4" passed="3" failed="1" skipped="0">
  <reporter-output>
  </reporter-output>
  <suite started-at="2025-04-22T15:01:49 IST" name="Default suite" finished-at="2025-04-22T15:02:01 IST" duration-ms="12041">
    <groups>
    </groups>
    <test started-at="2025-04-22T15:01:49 IST" name="Default test" finished-at="2025-04-22T15:02:01 IST" duration-ms="12041">
      <class name="Base.RegisterPages">
        <test-method is-config="true" signature="startReport()[pri:0, instance:Base.RegisterPages@4d9e68d0]" started-at="2025-04-22T15:01:49 IST" name="startReport" finished-at="2025-04-22T15:01:50 IST" duration-ms="96" status="PASS">
          <reporter-output>
          </reporter-output>
        </test-method> <!-- startReport -->
        <test-method is-config="true" signature="setup()[pri:0, instance:Base.RegisterPages@4d9e68d0]" started-at="2025-04-22T15:01:50 IST" name="setup" finished-at="2025-04-22T15:01:53 IST" duration-ms="2864" status="PASS">
          <reporter-output>
          </reporter-output>
        </test-method> <!-- setup -->
        <test-method signature="run(java.lang.String,java.lang.String,java.lang.String,java.lang.String,java.lang.String,java.lang.String,java.lang.String,java.lang.String,java.lang.String)[pri:0, instance:Base.RegisterPages@4d9e68d0]" started-at="2025-04-22T15:01:53 IST" name="run" data-provider="regis" finished-at="2025-04-22T15:01:54 IST" duration-ms="1202" status="PASS">
          <params>
            <param index="0">
              <value>
                <![CDATA[ITEM 1]]>
              </value>
            </param>
            <param index="1">
              <value>
                <![CDATA[Aditya]]>
              </value>
            </param>
            <param index="2">
              <value>
                <![CDATA[MAGAR]]>
              </value>
            </param>
            <param index="3">
              <value>
                <![CDATA[aditya@gmai.com]]>
              </value>
            </param>
            <param index="4">
              <value>
                <![CDATA[7776836496]]>
              </value>
            </param>
            <param index="5">
              <value>
                <![CDATA[7776836496]]>
              </value>
            </param>
            <param index="6">
              <value>
                <![CDATA[123@er]]>
              </value>
            </param>
            <param index="7">
              <value>
                <![CDATA[123@er]]>
              </value>
            </param>
            <param index="8">
              <value>
                <![CDATA[Valid]]>
              </value>
            </param>
          </params>
          <reporter-output>
          </reporter-output>
        </test-method> <!-- run -->
        <test-method is-config="true" signature="end()[pri:0, instance:Base.RegisterPages@4d9e68d0]" started-at="2025-04-22T15:01:54 IST" name="end" finished-at="2025-04-22T15:01:54 IST" duration-ms="115" status="PASS">
          <reporter-output>
          </reporter-output>
        </test-method> <!-- end -->
        <test-method is-config="true" signature="setup()[pri:0, instance:Base.RegisterPages@4d9e68d0]" started-at="2025-04-22T15:01:54 IST" name="setup" finished-at="2025-04-22T15:01:56 IST" duration-ms="1945" status="PASS">
          <reporter-output>
          </reporter-output>
        </test-method> <!-- setup -->
        <test-method signature="run(java.lang.String,java.lang.String,java.lang.String,java.lang.String,java.lang.String,java.lang.String,java.lang.String,java.lang.String,java.lang.String)[pri:0, instance:Base.RegisterPages@4d9e68d0]" started-at="2025-04-22T15:01:56 IST" name="run" data-provider="regis" finished-at="2025-04-22T15:01:57 IST" duration-ms="383" status="PASS">
          <params>
            <param index="0">
              <value>
                <![CDATA[ITEM 1]]>
              </value>
            </param>
            <param index="1">
              <value>
                <![CDATA[d]]>
              </value>
            </param>
            <param index="2">
              <value>
                <![CDATA[a]]>
              </value>
            </param>
            <param index="3">
              <value>
                <![CDATA[]]>
              </value>
            </param>
            <param index="4">
              <value>
                <![CDATA[]]>
              </value>
            </param>
            <param index="5">
              <value>
                <![CDATA[3232]]>
              </value>
            </param>
            <param index="6">
              <value>
                <![CDATA[11]]>
              </value>
            </param>
            <param index="7">
              <value>
                <![CDATA[22]]>
              </value>
            </param>
            <param index="8">
              <value>
                <![CDATA[invalid]]>
              </value>
            </param>
          </params>
          <reporter-output>
          </reporter-output>
        </test-method> <!-- run -->
        <test-method is-config="true" signature="end()[pri:0, instance:Base.RegisterPages@4d9e68d0]" started-at="2025-04-22T15:01:57 IST" name="end" finished-at="2025-04-22T15:01:57 IST" duration-ms="64" status="PASS">
          <reporter-output>
          </reporter-output>
        </test-method> <!-- end -->
        <test-method is-config="true" signature="setup()[pri:0, instance:Base.RegisterPages@4d9e68d0]" started-at="2025-04-22T15:01:57 IST" name="setup" finished-at="2025-04-22T15:01:58 IST" duration-ms="1889" status="PASS">
          <reporter-output>
          </reporter-output>
        </test-method> <!-- setup -->
        <test-method signature="run(java.lang.String,java.lang.String,java.lang.String,java.lang.String,java.lang.String,java.lang.String,java.lang.String,java.lang.String,java.lang.String)[pri:0, instance:Base.RegisterPages@4d9e68d0]" started-at="2025-04-22T15:01:58 IST" name="run" data-provider="regis" finished-at="2025-04-22T15:01:59 IST" duration-ms="293" status="PASS">
          <params>
            <param index="0">
              <value>
                <![CDATA[]]>
              </value>
            </param>
            <param index="1">
              <value>
                <![CDATA[]]>
              </value>
            </param>
            <param index="2">
              <value>
                <![CDATA[]]>
              </value>
            </param>
            <param index="3">
              <value>
                <![CDATA[]]>
              </value>
            </param>
            <param index="4">
              <value>
                <![CDATA[]]>
              </value>
            </param>
            <param index="5">
              <value>
                <![CDATA[]]>
              </value>
            </param>
            <param index="6">
              <value>
                <![CDATA[]]>
              </value>
            </param>
            <param index="7">
              <value>
                <![CDATA[]]>
              </value>
            </param>
            <param index="8">
              <value>
                <![CDATA[blank]]>
              </value>
            </param>
          </params>
          <reporter-output>
          </reporter-output>
        </test-method> <!-- run -->
        <test-method is-config="true" signature="end()[pri:0, instance:Base.RegisterPages@4d9e68d0]" started-at="2025-04-22T15:01:59 IST" name="end" finished-at="2025-04-22T15:01:59 IST" duration-ms="63" status="PASS">
          <reporter-output>
          </reporter-output>
        </test-method> <!-- end -->
        <test-method is-config="true" signature="setup()[pri:0, instance:Base.RegisterPages@4d9e68d0]" started-at="2025-04-22T15:01:59 IST" name="setup" finished-at="2025-04-22T15:02:01 IST" duration-ms="2077" status="PASS">
          <reporter-output>
          </reporter-output>
        </test-method> <!-- setup -->
        <test-method signature="run(java.lang.String,java.lang.String,java.lang.String,java.lang.String,java.lang.String,java.lang.String,java.lang.String,java.lang.String,java.lang.String)[pri:0, instance:Base.RegisterPages@4d9e68d0]" started-at="2025-04-22T15:02:01 IST" name="run" data-provider="regis" finished-at="2025-04-22T15:02:01 IST" duration-ms="375" status="FAIL">
          <params>
            <param index="0">
              <value>
                <![CDATA[ITEM 1]]>
              </value>
            </param>
            <param index="1">
              <value>
                <![CDATA[Aditya]]>
              </value>
            </param>
            <param index="2">
              <value>
                <![CDATA[MAGAR]]>
              </value>
            </param>
            <param index="3">
              <value>
                <![CDATA[adsdsa@gmail.com.comG@gmaisom,s]]>
              </value>
            </param>
            <param index="4">
              <value>
                <![CDATA[7776836496]]>
              </value>
            </param>
            <param index="5">
              <value>
                <![CDATA[7776836496]]>
              </value>
            </param>
            <param index="6">
              <value>
                <![CDATA[123@er]]>
              </value>
            </param>
            <param index="7">
              <value>
                <![CDATA[123@er]]>
              </value>
            </param>
            <param index="8">
              <value>
                <![CDATA[LongEmail]]>
              </value>
            </param>
          </params>
          <exception class="java.lang.AssertionError">
            <message>
              <![CDATA[expected:<Please enter a valid email address.> but was:<Please enter a vsssalid email address.>]]>
            </message>
            <full-stacktrace>
              <![CDATA[java.lang.AssertionError: expected:<Please enter a valid email address.> but was:<Please enter a vsssalid email address.>
at org.testng.AssertJUnit.assertEquals(AssertJUnit.java:115)
at org.testng.AssertJUnit.assertEquals(AssertJUnit.java:125)
at Base.RegisterPages.run(RegisterPages.java:59)
at java.base/jdk.internal.reflect.NativeMethodAccessorImpl.invoke0(Native Method)
at java.base/jdk.internal.reflect.NativeMethodAccessorImpl.invoke(NativeMethodAccessorImpl.java:77)
at java.base/jdk.internal.reflect.DelegatingMethodAccessorImpl.invoke(DelegatingMethodAccessorImpl.java:43)
at java.base/java.lang.reflect.Method.invoke(Method.java:569)
at org.testng.internal.invokers.MethodInvocationHelper.invokeMethod(MethodInvocationHelper.java:141)
at org.testng.internal.invokers.TestInvoker.invokeMethod(TestInvoker.java:686)
at org.testng.internal.invokers.TestInvoker.invokeTestMethod(TestInvoker.java:230)
at org.testng.internal.invokers.MethodRunner.runInSequence(MethodRunner.java:63)
at org.testng.internal.invokers.TestInvoker$MethodInvocationAgent.invoke(TestInvoker.java:992)
at org.testng.internal.invokers.TestInvoker.invokeTestMethods(TestInvoker.java:203)
at org.testng.internal.invokers.TestMethodWorker.invokeTestMethods(TestMethodWorker.java:154)
at org.testng.internal.invokers.TestMethodWorker.run(TestMethodWorker.java:134)
at java.base/java.util.ArrayList.forEach(ArrayList.java:1511)
at org.testng.TestRunner.privateRun(TestRunner.java:739)
at org.testng.TestRunner.run(TestRunner.java:614)
at org.testng.SuiteRunner.runTest(SuiteRunner.java:421)
at org.testng.SuiteRunner.runSequentially(SuiteRunner.java:413)
at org.testng.SuiteRunner.privateRun(SuiteRunner.java:373)
at org.testng.SuiteRunner.run(SuiteRunner.java:312)
at org.testng.SuiteRunnerWorker.runSuite(SuiteRunnerWorker.java:52)
at org.testng.SuiteRunnerWorker.run(SuiteRunnerWorker.java:95)
at org.testng.TestNG.runSuitesSequentially(TestNG.java:1274)
at org.testng.TestNG.runSuitesLocally(TestNG.java:1208)
at org.testng.TestNG.runSuites(TestNG.java:1112)
at org.testng.TestNG.run(TestNG.java:1079)
at org.testng.remote.AbstractRemoteTestNG.run(AbstractRemoteTestNG.java:115)
at org.testng.remote.RemoteTestNG.initAndRun(RemoteTestNG.java:293)
at org.testng.remote.RemoteTestNG.main(RemoteTestNG.java:91)
]]>
            </full-stacktrace>
          </exception> <!-- java.lang.AssertionError -->
          <reporter-output>
          </reporter-output>
        </test-method> <!-- run -->
        <test-method is-config="true" signature="end()[pri:0, instance:Base.RegisterPages@4d9e68d0]" started-at="2025-04-22T15:02:01 IST" name="end" finished-at="2025-04-22T15:02:01 IST" duration-ms="58" status="PASS">
          <reporter-output>
          </reporter-output>
        </test-method> <!-- end -->
        <test-method is-config="true" signature="flushReport()[pri:0, instance:Base.RegisterPages@4d9e68d0]" started-at="2025-04-22T15:02:01 IST" name="flushReport" finished-at="2025-04-22T15:02:01 IST" duration-ms="151" status="PASS">
          <reporter-output>
          </reporter-output>
        </test-method> <!-- flushReport -->
      </class> <!-- Base.RegisterPages -->
    </test> <!-- Default test -->
  </suite> <!-- Default suite -->
</testng-results>
